SF:lib\data\datasources\db\tv_database_helper.dart
DA:8,0
DA:12,0
DA:13,0
DA:17,0
DA:18,0
DA:24,0
DA:25,0
DA:26,0
DA:28,0
DA:32,0
DA:33,0
DA:40,0
DA:43,0
DA:44,0
DA:45,0
DA:48,0
DA:49,0
DA:50,0
DA:53,0
DA:57,0
DA:58,0
DA:59,0
DA:62,0
DA:65,0
DA:66,0
DA:72,0
DA:73,0
DA:74,0
LF:28
LH:0
end_of_record
SF:lib\data\datasources\tv_local_data_source.dart
DA:13,1
DA:15,1
DA:18,2
DA:21,2
DA:25,1
DA:28,2
DA:31,2
DA:35,1
DA:37,2
DA:39,1
DA:45,1
DA:47,2
DA:48,4
LF:13
LH:13
end_of_record
SF:lib\data\datasources\tv_remote_data_source.dart
DA:23,1
DA:25,1
DA:28,4
DA:30,2
DA:31,4
DA:33,1
DA:37,1
DA:39,4
DA:41,2
DA:42,3
DA:44,1
DA:48,1
DA:50,1
DA:51,3
DA:53,2
DA:54,4
DA:56,1
DA:60,1
DA:63,4
DA:65,2
DA:66,4
DA:68,1
DA:72,1
DA:75,4
DA:77,2
DA:78,4
DA:80,1
DA:84,1
DA:86,1
DA:87,3
DA:89,2
DA:90,4
DA:92,1
LF:33
LH:33
end_of_record
SF:lib\data\models\tv_detail_model.dart
DA:7,2
DA:27,1
DA:28,1
DA:29,1
DA:30,4
DA:31,1
DA:32,1
DA:33,1
DA:34,1
DA:35,1
DA:36,1
DA:37,2
DA:40,1
DA:41,1
DA:42,5
DA:43,1
DA:44,1
DA:45,1
DA:46,1
DA:47,1
DA:48,1
DA:49,1
DA:53,1
DA:54,1
DA:55,1
DA:56,1
DA:57,1
DA:58,1
DA:59,1
DA:60,1
DA:61,1
DA:62,1
LF:32
LH:32
end_of_record
SF:lib\data\models\tv_model.dart
DA:7,4
DA:23,4
DA:24,8
DA:25,2
DA:26,2
DA:27,2
DA:28,2
DA:29,4
DA:32,2
DA:33,4
DA:34,1
DA:35,1
DA:36,1
DA:37,1
DA:38,1
DA:41,2
DA:42,2
DA:43,2
DA:44,2
DA:45,2
DA:46,2
DA:47,2
DA:48,2
DA:52,2
DA:53,2
DA:54,2
DA:55,2
DA:56,2
DA:57,2
DA:58,2
DA:59,2
LF:31
LH:31
end_of_record
SF:lib\data\models\tv_table.dart
DA:12,2
DA:19,2
DA:20,1
DA:21,1
DA:22,1
DA:23,1
DA:26,2
DA:27,1
DA:28,1
DA:29,1
DA:30,1
DA:33,0
DA:34,0
DA:35,0
DA:36,0
DA:37,0
DA:40,2
DA:41,1
DA:42,1
DA:43,1
DA:44,1
DA:47,2
DA:48,10
LF:23
LH:18
end_of_record
SF:lib\domain\entities\tv.dart
DA:5,15
DA:14,2
DA:28,8
DA:29,8
DA:30,8
DA:31,8
DA:32,8
DA:33,8
DA:34,8
DA:35,8
LF:10
LH:10
end_of_record
SF:lib\domain\entities\tv_detail.dart
DA:7,7
DA:27,1
DA:28,1
DA:29,1
DA:30,1
DA:31,1
DA:32,1
DA:33,1
DA:34,1
DA:35,1
DA:36,1
LF:11
LH:11
end_of_record
SF:lib\data\models\tv_response.dart
DA:9,2
DA:11,4
DA:12,4
DA:13,6
DA:14,6
DA:17,2
DA:18,5
DA:21,1
DA:22,2
LF:9
LH:9
end_of_record
SF:lib\data\repositories\tv_repository_impl.dart
DA:10,1
DA:15,1
DA:18,2
DA:19,5
DA:20,1
DA:21,2
DA:22,1
DA:23,2
DA:27,1
DA:30,2
DA:31,2
DA:32,1
DA:33,2
DA:34,1
DA:35,2
DA:39,1
DA:42,2
DA:43,3
DA:44,1
DA:45,2
DA:46,1
DA:47,2
DA:51,1
DA:54,2
DA:55,5
DA:56,1
DA:57,2
DA:58,1
DA:59,2
DA:63,1
DA:66,2
DA:67,5
DA:68,1
DA:69,2
DA:70,1
DA:71,2
DA:75,1
DA:78,2
DA:79,5
DA:80,1
DA:81,2
DA:82,1
DA:83,2
DA:87,1
DA:91,3
DA:92,1
DA:93,1
DA:94,3
DA:100,1
DA:104,3
DA:105,1
DA:106,1
DA:107,3
DA:111,1
DA:113,2
DA:117,1
DA:119,2
DA:120,5
LF:58
LH:58
end_of_record
SF:lib\domain\usecases\get_now_playing_tvs.dart
DA:7,1
DA:9,1
DA:10,2
LF:3
LH:3
end_of_record
SF:lib\domain\usecases\get_popular_tvs.dart
DA:7,1
DA:9,1
DA:10,2
LF:3
LH:3
end_of_record
SF:lib\domain\usecases\get_top_rated_tvs.dart
DA:7,1
DA:9,1
DA:10,2
LF:3
LH:3
end_of_record
SF:lib\domain\usecases\get_tv_detail.dart
DA:7,1
DA:9,1
DA:10,2
LF:3
LH:3
end_of_record
SF:lib\domain\usecases\get_tv_recommendations.dart
DA:7,1
DA:9,1
DA:10,2
LF:3
LH:3
end_of_record
SF:lib\domain\usecases\get_watchlist_status.dart
DA:6,1
DA:8,1
DA:9,2
LF:3
LH:3
end_of_record
SF:lib\domain\usecases\get_watchlist_tvs.dart
DA:7,1
DA:9,1
DA:10,2
LF:3
LH:3
end_of_record
SF:lib\domain\usecases\remove_watchlist.dart
DA:7,1
DA:9,1
DA:10,2
LF:3
LH:3
end_of_record
SF:lib\domain\usecases\save_watchlist.dart
DA:7,1
DA:9,1
DA:10,2
LF:3
LH:3
end_of_record
SF:lib\domain\usecases\search_tvs.dart
DA:7,1
DA:9,1
DA:10,2
LF:3
LH:3
end_of_record
SF:lib\presentation\bloc\now_playing_tv\now_playing_tv_bloc.dart
DA:11,3
DA:12,2
DA:13,2
DA:15,2
DA:17,1
DA:18,1
DA:19,3
DA:21,1
DA:22,1
DA:23,2
DA:25,2
LF:11
LH:11
end_of_record
SF:lib\presentation\bloc\now_playing_tv\now_playing_tv_state.dart
DA:4,2
DA:6,1
DA:7,1
DA:19,1
DA:21,1
DA:22,2
DA:28,2
DA:30,1
DA:31,2
LF:9
LH:9
end_of_record
SF:lib\presentation\bloc\now_playing_tv\now_playing_tv_event.dart
DA:4,1
DA:6,0
DA:7,0
LF:3
LH:1
end_of_record
SF:lib\presentation\bloc\popular_tv\popular_tv_state.dart
DA:4,2
DA:6,1
DA:7,1
DA:19,1
DA:21,1
DA:22,2
DA:28,2
DA:30,1
DA:31,2
LF:9
LH:9
end_of_record
SF:lib\presentation\bloc\popular_tv\popular_tv_bloc.dart
DA:11,3
DA:12,2
DA:13,2
DA:15,2
DA:17,1
DA:18,1
DA:19,3
DA:21,1
DA:22,1
DA:23,2
DA:25,2
LF:11
LH:11
end_of_record
SF:lib\presentation\bloc\popular_tv\popular_tv_event.dart
DA:4,1
DA:6,0
DA:7,0
LF:3
LH:1
end_of_record
SF:lib\presentation\bloc\recommendation_tvs\recommendation_tvs_state.dart
DA:4,2
DA:6,1
DA:7,1
DA:19,1
DA:21,1
DA:22,2
DA:28,2
DA:30,1
DA:31,2
LF:9
LH:9
end_of_record
SF:lib\presentation\bloc\recommendation_tvs\recommendation_tvs_bloc.dart
DA:12,3
DA:13,2
DA:14,2
DA:16,3
DA:17,1
DA:18,1
DA:19,3
DA:21,1
DA:22,1
DA:23,2
DA:25,2
LF:11
LH:11
end_of_record
SF:lib\presentation\bloc\recommendation_tvs\recommendation_tvs_event.dart
DA:6,1
DA:8,0
DA:9,0
DA:16,1
LF:4
LH:2
end_of_record
SF:lib\presentation\bloc\search_tv\search_tv_bloc.dart
DA:13,1
DA:14,3
DA:17,3
DA:18,2
DA:19,1
DA:21,2
DA:22,2
DA:24,1
DA:25,1
DA:26,3
DA:28,1
DA:29,2
DA:32,1
DA:34,1
DA:36,0
LF:15
LH:14
end_of_record
SF:lib\presentation\bloc\search_tv\search_tv_state.dart
DA:5,1
DA:7,1
DA:8,1
DA:18,1
DA:20,1
DA:21,2
DA:27,1
DA:29,1
DA:30,2
LF:9
LH:9
end_of_record
SF:lib\presentation\bloc\search_tv\search_tv_event.dart
DA:6,1
DA:8,0
DA:9,0
DA:15,1
DA:17,0
DA:18,0
LF:6
LH:2
end_of_record
SF:lib\presentation\bloc\top_rated_tv\top_rated_tv_event.dart
DA:4,1
DA:6,0
DA:7,0
LF:3
LH:1
end_of_record
SF:lib\presentation\bloc\top_rated_tv\top_rated_tv_bloc.dart
DA:11,3
DA:12,2
DA:13,2
DA:15,2
DA:17,1
DA:18,1
DA:19,3
DA:21,1
DA:22,1
DA:23,2
DA:25,2
LF:11
LH:11
end_of_record
SF:lib\presentation\bloc\top_rated_tv\top_rated_tv_state.dart
DA:4,2
DA:6,1
DA:7,1
DA:19,1
DA:21,1
DA:22,2
DA:28,2
DA:30,1
DA:31,2
LF:9
LH:9
end_of_record
SF:lib\presentation\bloc\tv_detail\tv_detail_event.dart
DA:6,1
DA:8,0
DA:9,0
DA:14,1
LF:4
LH:2
end_of_record
SF:lib\presentation\bloc\tv_detail\tv_detail_state.dart
DA:4,2
DA:6,1
DA:7,1
DA:17,1
DA:19,1
DA:20,1
DA:26,2
DA:28,1
DA:29,2
LF:9
LH:9
end_of_record
SF:lib\presentation\bloc\tv_detail\tv_detail_bloc.dart
DA:12,3
DA:13,2
DA:14,2
DA:16,3
DA:18,1
DA:19,1
DA:20,3
DA:22,1
DA:23,2
LF:9
LH:9
end_of_record
SF:lib\presentation\bloc\watchlist_tv\watchlist_tv_event.dart
DA:4,1
DA:6,0
DA:7,0
DA:13,1
DA:15,0
DA:16,0
DA:22,1
DA:24,0
DA:25,0
DA:31,1
DA:33,0
DA:34,0
LF:12
LH:4
end_of_record
SF:lib\presentation\bloc\watchlist_tv\watchlist_tv_state.dart
DA:4,30
DA:6,1
DA:7,1
DA:17,2
DA:19,1
DA:20,2
DA:26,2
DA:28,1
DA:29,2
DA:37,2
DA:39,1
DA:40,2
DA:46,2
DA:48,1
DA:49,2
DA:53,0
DA:55,0
DA:56,0
DA:66,30
DA:68,1
DA:69,2
DA:75,0
DA:77,0
DA:78,0
DA:88,1
DA:90,1
DA:91,2
DA:97,2
DA:99,1
DA:100,2
LF:30
LH:24
end_of_record
SF:lib\presentation\bloc\watchlist_tv\watchlist_tv_bloc.dart
DA:14,3
DA:15,2
DA:16,2
DA:17,3
DA:19,1
DA:20,1
DA:21,3
DA:23,1
DA:24,2
DA:25,1
DA:30,2
DA:31,2
DA:32,3
DA:34,1
DA:35,1
DA:36,3
DA:38,1
DA:39,2
DA:40,1
DA:45,2
DA:46,2
DA:48,3
DA:50,2
DA:53,2
DA:54,2
DA:56,2
DA:58,1
DA:59,1
DA:60,3
DA:62,1
DA:63,1
DA:64,2
DA:66,2
LF:33
LH:33
end_of_record
SF:lib\presentation\provider\popular_tvs_notifier.dart
DA:8,1
DA:11,2
DA:14,2
DA:17,2
DA:19,1
DA:20,1
DA:21,1
DA:23,2
DA:25,1
DA:26,1
DA:27,2
DA:28,1
DA:29,1
DA:31,1
DA:32,1
DA:33,1
DA:34,1
LF:17
LH:17
end_of_record
SF:lib\presentation\provider\top_rated_tvs_notifier.dart
DA:7,1
DA:10,2
DA:13,2
DA:16,2
DA:18,1
DA:19,1
DA:20,1
DA:22,2
DA:24,1
DA:25,1
DA:26,2
DA:27,1
DA:28,1
DA:30,1
DA:31,1
DA:32,1
DA:33,1
LF:17
LH:17
end_of_record
SF:lib\presentation\provider\tv_detail_notifier.dart
DA:15,1
DA:24,2
DA:27,2
DA:30,2
DA:33,2
DA:36,2
DA:39,2
DA:41,1
DA:42,1
DA:43,1
DA:44,2
DA:45,2
DA:46,1
DA:47,1
DA:48,1
DA:49,2
DA:50,1
DA:52,1
DA:53,1
DA:54,1
DA:55,1
DA:56,1
DA:57,1
DA:58,1
DA:59,2
DA:61,1
DA:62,1
DA:63,1
DA:66,1
DA:67,1
DA:73,2
DA:75,1
DA:76,2
DA:78,1
DA:79,1
DA:80,2
DA:82,1
DA:83,1
DA:87,2
DA:90,1
DA:91,2
DA:93,1
DA:94,0
DA:95,0
DA:97,1
DA:98,1
DA:102,2
DA:105,1
DA:106,2
DA:107,1
DA:108,1
LF:51
LH:49
end_of_record
SF:lib\presentation\provider\tv_list_notifier.dart
DA:6,2
DA:9,2
DA:12,2
DA:15,2
DA:18,2
DA:21,2
DA:24,2
DA:26,1
DA:36,1
DA:37,1
DA:38,1
DA:40,2
DA:41,1
DA:42,1
DA:43,1
DA:44,2
DA:45,1
DA:47,1
DA:48,1
DA:49,1
DA:50,1
DA:55,1
DA:56,1
DA:57,1
DA:59,2
DA:60,1
DA:61,1
DA:62,1
DA:63,2
DA:64,1
DA:66,1
DA:67,1
DA:68,1
DA:69,1
DA:74,1
DA:75,1
DA:76,1
DA:78,2
DA:79,1
DA:80,1
DA:81,1
DA:82,2
DA:83,1
DA:85,1
DA:86,1
DA:87,1
DA:88,1
LF:47
LH:47
end_of_record
SF:lib\presentation\provider\tv_search_notifier.dart
DA:7,1
DA:10,2
DA:13,2
DA:16,2
DA:18,1
DA:19,1
DA:20,1
DA:22,2
DA:23,1
DA:24,1
DA:25,2
DA:26,1
DA:27,1
DA:29,1
DA:30,1
DA:31,1
DA:32,1
DA:37,0
DA:38,0
DA:39,0
LF:20
LH:17
end_of_record
SF:lib\presentation\provider\watchlist_tv_notifier.dart
DA:6,2
DA:9,2
DA:12,2
DA:14,1
DA:18,1
DA:19,1
DA:20,1
DA:22,2
DA:23,1
DA:24,1
DA:25,1
DA:26,2
DA:27,1
DA:29,1
DA:30,1
DA:31,1
DA:32,1
LF:17
LH:17
end_of_record
